# JRE version: Java(TM) SE Runtime Environment (17.0.6+9) (build 17.0.6+9-LTS-190)
# Java VM: Java HotSpot(TM) 64-Bit Server VM (17.0.6+9-LTS-190, mixed mode, sharing, tiered, compressed oops, compressed class ptrs, g1 gc, windows-amd64)
GC Precious Log:
 CPUs: 8 total, 8 available
 Memory: 16110M
 Large Page Support: Disabled
 NUMA Support: Disabled
 Compressed Oops: Enabled (Zero based)
 Heap Region Size: 2M
 Heap Min Capacity: 8M
 Heap Initial Capacity: 8M
 Heap Max Capacity: 4028M
 Pre-touch: Disabled
 Parallel Workers: 8
 Concurrent Workers: 2
 Concurrent Refinement Workers: 8
 Periodic GC: Disabled
Heap:
 garbage-first heap   total 26624K, used 11253K [0x0000000704400000, 0x0000000800000000)
  region size 2048K, 1 young (2048K), 1 survivors (2048K)
 Metaspace       used 10138K, committed 10368K, reserved 1064960K
  class space    used 1161K, committed 1280K, reserved 1048576K
GC Heap History (20 events):
Event: 0.290 GC heap after
{Heap after GC invocations=3 (full 0):
 garbage-first heap   total 8192K, used 2644K [0x0000000704400000, 0x0000000800000000)
  region size 2048K, 1 young (2048K), 1 survivors (2048K)
 Metaspace       used 7537K, committed 7744K, reserved 1064960K
  class space    used 876K, committed 960K, reserved 1048576K
}
Event: 0.351 GC heap before
{Heap before GC invocations=3 (full 0):
 garbage-first heap   total 8192K, used 2644K [0x0000000704400000, 0x0000000800000000)
  region size 2048K, 2 young (4096K), 1 survivors (2048K)
 Metaspace       used 7995K, committed 8192K, reserved 1064960K
  class space    used 920K, committed 1024K, reserved 1048576K
}
Event: 0.354 GC heap after
{Heap after GC invocations=4 (full 0):
 garbage-first heap   total 8192K, used 2938K [0x0000000704400000, 0x0000000800000000)
  region size 2048K, 1 young (2048K), 1 survivors (2048K)
 Metaspace       used 7995K, committed 8192K, reserved 1064960K
  class space    used 920K, committed 1024K, reserved 1048576K
}
Event: 0.414 GC heap before
{Heap before GC invocations=4 (full 0):
 garbage-first heap   total 8192K, used 2938K [0x0000000704400000, 0x0000000800000000)
  region size 2048K, 2 young (4096K), 1 survivors (2048K)
 Metaspace       used 8511K, committed 8704K, reserved 1064960K
  class space    used 988K, committed 1088K, reserved 1048576K
}
Event: 0.418 GC heap after
{Heap after GC invocations=5 (full 0):
 garbage-first heap   total 14336K, used 4210K [0x0000000704400000, 0x0000000800000000)
  region size 2048K, 1 young (2048K), 1 survivors (2048K)
 Metaspace       used 8511K, committed 8704K, reserved 1064960K
  class space    used 988K, committed 1088K, reserved 1048576K
}
Event: 0.462 GC heap before
{Heap before GC invocations=5 (full 0):
 garbage-first heap   total 14336K, used 6258K [0x0000000704400000, 0x0000000800000000)
  region size 2048K, 2 young (4096K), 1 survivors (2048K)
 Metaspace       used 8751K, committed 8896K, reserved 1064960K
  class space    used 1016K, committed 1088K, reserved 1048576K
}
Event: 0.466 GC heap after
{Heap after GC invocations=6 (full 0):
 garbage-first heap   total 14336K, used 4685K [0x0000000704400000, 0x0000000800000000)
  region size 2048K, 1 young (2048K), 1 survivors (2048K)
 Metaspace       used 8751K, committed 8896K, reserved 1064960K
  class space    used 1016K, committed 1088K, reserved 1048576K
}
Event: 0.486 GC heap before
{Heap before GC invocations=6 (full 0):
 garbage-first heap   total 14336K, used 6733K [0x0000000704400000, 0x0000000800000000)
  region size 2048K, 2 young (4096K), 1 survivors (2048K)
 Metaspace       used 8804K, committed 8960K, reserved 1064960K
  class space    used 1018K, committed 1088K, reserved 1048576K
}
Event: 0.488 GC heap after
{Heap after GC invocations=7 (full 0):
 garbage-first heap   total 14336K, used 4903K [0x0000000704400000, 0x0000000800000000)
  region size 2048K, 1 young (2048K), 1 survivors (2048K)
 Metaspace       used 8804K, committed 8960K, reserved 1064960K
  class space    used 1018K, committed 1088K, reserved 1048576K
}
Event: 0.504 GC heap before
{Heap before GC invocations=7 (full 0):
 garbage-first heap   total 14336K, used 6951K [0x0000000704400000, 0x0000000800000000)
  region size 2048K, 2 young (4096K), 1 survivors (2048K)
 Metaspace       used 8900K, committed 9088K, reserved 1064960K
  class space    used 1025K, committed 1088K, reserved 1048576K
}
Event: 0.506 GC heap after
{Heap after GC invocations=8 (full 0):
 garbage-first heap   total 14336K, used 5246K [0x0000000704400000, 0x0000000800000000)
  region size 2048K, 1 young (2048K), 1 survivors (2048K)
 Metaspace       used 8900K, committed 9088K, reserved 1064960K
  class space    used 1025K, committed 1088K, reserved 1048576K
}
Event: 0.525 GC heap before
{Heap before GC invocations=8 (full 0):
 garbage-first heap   total 14336K, used 7294K [0x0000000704400000, 0x0000000800000000)
  region size 2048K, 2 young (4096K), 1 survivors (2048K)
 Metaspace       used 9055K, committed 9280K, reserved 1064960K
  class space    used 1040K, committed 1152K, reserved 1048576K
}
Event: 0.527 GC heap after
{Heap after GC invocations=9 (full 0):
 garbage-first heap   total 26624K, used 5654K [0x0000000704400000, 0x0000000800000000)
  region size 2048K, 1 young (2048K), 1 survivors (2048K)
 Metaspace       used 9055K, committed 9280K, reserved 1064960K
  class space    used 1040K, committed 1152K, reserved 1048576K
}
Event: 0.551 GC heap before
{Heap before GC invocations=9 (full 0):
 garbage-first heap   total 26624K, used 11798K [0x0000000704400000, 0x0000000800000000)
  region size 2048K, 4 young (8192K), 1 survivors (2048K)
 Metaspace       used 9110K, committed 9280K, reserved 1064960K
  class space    used 1042K, committed 1152K, reserved 1048576K
}
Event: 0.553 GC heap after
{Heap after GC invocations=10 (full 0):
 garbage-first heap   total 26624K, used 6644K [0x0000000704400000, 0x0000000800000000)
  region size 2048K, 1 young (2048K), 1 survivors (2048K)
 Metaspace       used 9110K, committed 9280K, reserved 1064960K
  class space    used 1042K, committed 1152K, reserved 1048576K
}
Event: 0.586 GC heap before
{Heap before GC invocations=10 (full 0):
 garbage-first heap   total 26624K, used 12788K [0x0000000704400000, 0x0000000800000000)
  region size 2048K, 4 young (8192K), 1 survivors (2048K)
 Metaspace       used 9208K, committed 9408K, reserved 1064960K
  class space    used 1054K, committed 1152K, reserved 1048576K
}
Event: 0.590 GC heap after
{Heap after GC invocations=11 (full 0):
 garbage-first heap   total 26624K, used 8054K [0x0000000704400000, 0x0000000800000000)
  region size 2048K, 1 young (2048K), 1 survivors (2048K)
 Metaspace       used 9208K, committed 9408K, reserved 1064960K
  class space    used 1054K, committed 1152K, reserved 1048576K
}
Event: 0.612 GC heap before
{Heap before GC invocations=11 (full 0):
 garbage-first heap   total 26624K, used 14198K [0x0000000704400000, 0x0000000800000000)
  region size 2048K, 4 young (8192K), 1 survivors (2048K)
 Metaspace       used 9225K, committed 9408K, reserved 1064960K
  class space    used 1055K, committed 1152K, reserved 1048576K
}
Event: 0.616 GC heap after
{Heap after GC invocations=12 (full 0):
 garbage-first heap   total 26624K, used 9525K [0x0000000704400000, 0x0000000800000000)
  region size 2048K, 1 young (2048K), 1 survivors (2048K)
 Metaspace       used 9225K, committed 9408K, reserved 1064960K
  class space    used 1055K, committed 1152K, reserved 1048576K
}
Event: 0.731 GC heap before
{Heap before GC invocations=12 (full 0):
 garbage-first heap   total 26624K, used 15669K [0x0000000704400000, 0x0000000800000000)
  region size 2048K, 4 young (8192K), 1 survivors (2048K)
 Metaspace       used 10138K, committed 10368K, reserved 1064960K
  class space    used 1161K, committed 1280K, reserved 1048576K
}

