# JRE version: Java(TM) SE Runtime Environment (17.0.6+9) (build 17.0.6+9-LTS-190)
# Java VM: Java HotSpot(TM) 64-Bit Server VM (17.0.6+9-LTS-190, mixed mode, sharing, tiered, compressed oops, compressed class ptrs, g1 gc, windows-amd64)
GC Precious Log:
 CPUs: 8 total, 8 available
 Memory: 16110M
 Large Page Support: Disabled
 NUMA Support: Disabled
 Compressed Oops: Enabled (Zero based)
 Heap Region Size: 2M
 Heap Min Capacity: 8M
 Heap Initial Capacity: 8M
 Heap Max Capacity: 4028M
 Pre-touch: Disabled
 Parallel Workers: 8
 Concurrent Workers: 2
 Concurrent Refinement Workers: 8
 Periodic GC: Disabled
Heap:
 garbage-first heap   total 26624K, used 11305K [0x0000000704400000, 0x0000000800000000)
  region size 2048K, 1 young (2048K), 1 survivors (2048K)
 Metaspace       used 10156K, committed 10368K, reserved 1064960K
  class space    used 1167K, committed 1280K, reserved 1048576K
GC Heap History (20 events):
Event: 0.300 GC heap after
{Heap after GC invocations=3 (full 0):
 garbage-first heap   total 8192K, used 2642K [0x0000000704400000, 0x0000000800000000)
  region size 2048K, 1 young (2048K), 1 survivors (2048K)
 Metaspace       used 7532K, committed 7680K, reserved 1064960K
  class space    used 876K, committed 960K, reserved 1048576K
}
Event: 0.361 GC heap before
{Heap before GC invocations=3 (full 0):
 garbage-first heap   total 8192K, used 2642K [0x0000000704400000, 0x0000000800000000)
  region size 2048K, 2 young (4096K), 1 survivors (2048K)
 Metaspace       used 7975K, committed 8128K, reserved 1064960K
  class space    used 919K, committed 1024K, reserved 1048576K
}
Event: 0.363 GC heap after
{Heap after GC invocations=4 (full 0):
 garbage-first heap   total 8192K, used 2939K [0x0000000704400000, 0x0000000800000000)
  region size 2048K, 1 young (2048K), 1 survivors (2048K)
 Metaspace       used 7975K, committed 8128K, reserved 1064960K
  class space    used 919K, committed 1024K, reserved 1048576K
}
Event: 0.418 GC heap before
{Heap before GC invocations=4 (full 0):
 garbage-first heap   total 8192K, used 2939K [0x0000000704400000, 0x0000000800000000)
  region size 2048K, 2 young (4096K), 1 survivors (2048K)
 Metaspace       used 8499K, committed 8704K, reserved 1064960K
  class space    used 988K, committed 1088K, reserved 1048576K
}
Event: 0.420 GC heap after
{Heap after GC invocations=5 (full 0):
 garbage-first heap   total 14336K, used 4118K [0x0000000704400000, 0x0000000800000000)
  region size 2048K, 1 young (2048K), 1 survivors (2048K)
 Metaspace       used 8499K, committed 8704K, reserved 1064960K
  class space    used 988K, committed 1088K, reserved 1048576K
}
Event: 0.468 GC heap before
{Heap before GC invocations=5 (full 0):
 garbage-first heap   total 14336K, used 6166K [0x0000000704400000, 0x0000000800000000)
  region size 2048K, 2 young (4096K), 1 survivors (2048K)
 Metaspace       used 8753K, committed 8896K, reserved 1064960K
  class space    used 1016K, committed 1088K, reserved 1048576K
}
Event: 0.471 GC heap after
{Heap after GC invocations=6 (full 0):
 garbage-first heap   total 14336K, used 4708K [0x0000000704400000, 0x0000000800000000)
  region size 2048K, 1 young (2048K), 1 survivors (2048K)
 Metaspace       used 8753K, committed 8896K, reserved 1064960K
  class space    used 1016K, committed 1088K, reserved 1048576K
}
Event: 0.490 GC heap before
{Heap before GC invocations=6 (full 0):
 garbage-first heap   total 14336K, used 6756K [0x0000000704400000, 0x0000000800000000)
  region size 2048K, 2 young (4096K), 1 survivors (2048K)
 Metaspace       used 8805K, committed 8960K, reserved 1064960K
  class space    used 1018K, committed 1088K, reserved 1048576K
}
Event: 0.492 GC heap after
{Heap after GC invocations=7 (full 0):
 garbage-first heap   total 14336K, used 4889K [0x0000000704400000, 0x0000000800000000)
  region size 2048K, 1 young (2048K), 1 survivors (2048K)
 Metaspace       used 8805K, committed 8960K, reserved 1064960K
  class space    used 1018K, committed 1088K, reserved 1048576K
}
Event: 0.511 GC heap before
{Heap before GC invocations=7 (full 0):
 garbage-first heap   total 14336K, used 6937K [0x0000000704400000, 0x0000000800000000)
  region size 2048K, 2 young (4096K), 1 survivors (2048K)
 Metaspace       used 8900K, committed 9088K, reserved 1064960K
  class space    used 1025K, committed 1088K, reserved 1048576K
}
Event: 0.513 GC heap after
{Heap after GC invocations=8 (full 0):
 garbage-first heap   total 14336K, used 5237K [0x0000000704400000, 0x0000000800000000)
  region size 2048K, 1 young (2048K), 1 survivors (2048K)
 Metaspace       used 8900K, committed 9088K, reserved 1064960K
  class space    used 1025K, committed 1088K, reserved 1048576K
}
Event: 0.537 GC heap before
{Heap before GC invocations=8 (full 0):
 garbage-first heap   total 14336K, used 7285K [0x0000000704400000, 0x0000000800000000)
  region size 2048K, 2 young (4096K), 1 survivors (2048K)
 Metaspace       used 9057K, committed 9280K, reserved 1064960K
  class space    used 1041K, committed 1152K, reserved 1048576K
}
Event: 0.539 GC heap after
{Heap after GC invocations=9 (full 0):
 garbage-first heap   total 26624K, used 5676K [0x0000000704400000, 0x0000000800000000)
  region size 2048K, 1 young (2048K), 1 survivors (2048K)
 Metaspace       used 9057K, committed 9280K, reserved 1064960K
  class space    used 1041K, committed 1152K, reserved 1048576K
}
Event: 0.573 GC heap before
{Heap before GC invocations=9 (full 0):
 garbage-first heap   total 26624K, used 11820K [0x0000000704400000, 0x0000000800000000)
  region size 2048K, 4 young (8192K), 1 survivors (2048K)
 Metaspace       used 9114K, committed 9280K, reserved 1064960K
  class space    used 1043K, committed 1152K, reserved 1048576K
}
Event: 0.577 GC heap after
{Heap after GC invocations=10 (full 0):
 garbage-first heap   total 26624K, used 6697K [0x0000000704400000, 0x0000000800000000)
  region size 2048K, 1 young (2048K), 1 survivors (2048K)
 Metaspace       used 9114K, committed 9280K, reserved 1064960K
  class space    used 1043K, committed 1152K, reserved 1048576K
}
Event: 0.612 GC heap before
{Heap before GC invocations=10 (full 0):
 garbage-first heap   total 26624K, used 12841K [0x0000000704400000, 0x0000000800000000)
  region size 2048K, 4 young (8192K), 1 survivors (2048K)
 Metaspace       used 9208K, committed 9408K, reserved 1064960K
  class space    used 1055K, committed 1152K, reserved 1048576K
}
Event: 0.616 GC heap after
{Heap after GC invocations=11 (full 0):
 garbage-first heap   total 26624K, used 8142K [0x0000000704400000, 0x0000000800000000)
  region size 2048K, 1 young (2048K), 1 survivors (2048K)
 Metaspace       used 9208K, committed 9408K, reserved 1064960K
  class space    used 1055K, committed 1152K, reserved 1048576K
}
Event: 0.638 GC heap before
{Heap before GC invocations=11 (full 0):
 garbage-first heap   total 26624K, used 14286K [0x0000000704400000, 0x0000000800000000)
  region size 2048K, 4 young (8192K), 1 survivors (2048K)
 Metaspace       used 9225K, committed 9408K, reserved 1064960K
  class space    used 1055K, committed 1152K, reserved 1048576K
}
Event: 0.641 GC heap after
{Heap after GC invocations=12 (full 0):
 garbage-first heap   total 26624K, used 9615K [0x0000000704400000, 0x0000000800000000)
  region size 2048K, 1 young (2048K), 1 survivors (2048K)
 Metaspace       used 9225K, committed 9408K, reserved 1064960K
  class space    used 1055K, committed 1152K, reserved 1048576K
}
Event: 0.750 GC heap before
{Heap before GC invocations=12 (full 0):
 garbage-first heap   total 26624K, used 15759K [0x0000000704400000, 0x0000000800000000)
  region size 2048K, 4 young (8192K), 1 survivors (2048K)
 Metaspace       used 10156K, committed 10368K, reserved 1064960K
  class space    used 1167K, committed 1280K, reserved 1048576K
}

