# JRE version: Java(TM) SE Runtime Environment (17.0.6+9) (build 17.0.6+9-LTS-190)
# Java VM: Java HotSpot(TM) 64-Bit Server VM (17.0.6+9-LTS-190, mixed mode, sharing, tiered, compressed oops, compressed class ptrs, g1 gc, windows-amd64)
GC Precious Log:
 CPUs: 8 total, 8 available
 Memory: 16110M
 Large Page Support: Disabled
 NUMA Support: Disabled
 Compressed Oops: Enabled (Zero based)
 Heap Region Size: 2M
 Heap Min Capacity: 8M
 Heap Initial Capacity: 8M
 Heap Max Capacity: 4028M
 Pre-touch: Disabled
 Parallel Workers: 8
 Concurrent Workers: 2
 Concurrent Refinement Workers: 8
 Periodic GC: Disabled
Heap:
 garbage-first heap   total 28672K, used 11430K [0x0000000704400000, 0x0000000800000000)
  region size 2048K, 1 young (2048K), 1 survivors (2048K)
 Metaspace       used 10166K, committed 10432K, reserved 1064960K
  class space    used 1148K, committed 1280K, reserved 1048576K
GC Heap History (20 events):
Event: 0.288 GC heap after
{Heap after GC invocations=3 (full 0):
 garbage-first heap   total 8192K, used 2614K [0x0000000704400000, 0x0000000800000000)
  region size 2048K, 1 young (2048K), 1 survivors (2048K)
 Metaspace       used 7528K, committed 7744K, reserved 1064960K
  class space    used 872K, committed 960K, reserved 1048576K
}
Event: 0.345 GC heap before
{Heap before GC invocations=3 (full 0):
 garbage-first heap   total 8192K, used 2614K [0x0000000704400000, 0x0000000800000000)
  region size 2048K, 2 young (4096K), 1 survivors (2048K)
 Metaspace       used 8016K, committed 8256K, reserved 1064960K
  class space    used 917K, committed 1024K, reserved 1048576K
}
Event: 0.347 GC heap after
{Heap after GC invocations=4 (full 0):
 garbage-first heap   total 8192K, used 3176K [0x0000000704400000, 0x0000000800000000)
  region size 2048K, 1 young (2048K), 1 survivors (2048K)
 Metaspace       used 8016K, committed 8256K, reserved 1064960K
  class space    used 917K, committed 1024K, reserved 1048576K
}
Event: 0.394 GC heap before
{Heap before GC invocations=4 (full 0):
 garbage-first heap   total 8192K, used 3176K [0x0000000704400000, 0x0000000800000000)
  region size 2048K, 2 young (4096K), 1 survivors (2048K)
 Metaspace       used 8504K, committed 8640K, reserved 1064960K
  class space    used 982K, committed 1024K, reserved 1048576K
}
Event: 0.396 GC heap after
{Heap after GC invocations=5 (full 0):
 garbage-first heap   total 14336K, used 4243K [0x0000000704400000, 0x0000000800000000)
  region size 2048K, 1 young (2048K), 1 survivors (2048K)
 Metaspace       used 8504K, committed 8640K, reserved 1064960K
  class space    used 982K, committed 1024K, reserved 1048576K
}
Event: 0.430 GC heap before
{Heap before GC invocations=5 (full 0):
 garbage-first heap   total 14336K, used 6291K [0x0000000704400000, 0x0000000800000000)
  region size 2048K, 2 young (4096K), 1 survivors (2048K)
 Metaspace       used 8755K, committed 8896K, reserved 1064960K
  class space    used 1012K, committed 1088K, reserved 1048576K
}
Event: 0.433 GC heap after
{Heap after GC invocations=6 (full 0):
 garbage-first heap   total 14336K, used 4699K [0x0000000704400000, 0x0000000800000000)
  region size 2048K, 1 young (2048K), 1 survivors (2048K)
 Metaspace       used 8755K, committed 8896K, reserved 1064960K
  class space    used 1012K, committed 1088K, reserved 1048576K
}
Event: 0.452 GC heap before
{Heap before GC invocations=6 (full 0):
 garbage-first heap   total 14336K, used 6747K [0x0000000704400000, 0x0000000800000000)
  region size 2048K, 2 young (4096K), 1 survivors (2048K)
 Metaspace       used 8805K, committed 8960K, reserved 1064960K
  class space    used 1012K, committed 1088K, reserved 1048576K
}
Event: 0.456 GC heap after
{Heap after GC invocations=7 (full 0):
 garbage-first heap   total 14336K, used 5030K [0x0000000704400000, 0x0000000800000000)
  region size 2048K, 1 young (2048K), 1 survivors (2048K)
 Metaspace       used 8805K, committed 8960K, reserved 1064960K
  class space    used 1012K, committed 1088K, reserved 1048576K
}
Event: 0.468 GC heap before
{Heap before GC invocations=7 (full 0):
 garbage-first heap   total 14336K, used 5030K [0x0000000704400000, 0x0000000800000000)
  region size 2048K, 2 young (4096K), 1 survivors (2048K)
 Metaspace       used 8879K, committed 9088K, reserved 1064960K
  class space    used 1019K, committed 1088K, reserved 1048576K
}
Event: 0.470 GC heap after
{Heap after GC invocations=8 (full 0):
 garbage-first heap   total 14336K, used 5326K [0x0000000704400000, 0x0000000800000000)
  region size 2048K, 1 young (2048K), 1 survivors (2048K)
 Metaspace       used 8879K, committed 9088K, reserved 1064960K
  class space    used 1019K, committed 1088K, reserved 1048576K
}
Event: 0.492 GC heap before
{Heap before GC invocations=8 (full 0):
 garbage-first heap   total 14336K, used 5326K [0x0000000704400000, 0x0000000800000000)
  region size 2048K, 2 young (4096K), 1 survivors (2048K)
 Metaspace       used 9039K, committed 9216K, reserved 1064960K
  class space    used 1037K, committed 1088K, reserved 1048576K
}
Event: 0.494 GC heap after
{Heap after GC invocations=9 (full 0):
 garbage-first heap   total 28672K, used 5849K [0x0000000704400000, 0x0000000800000000)
  region size 2048K, 1 young (2048K), 1 survivors (2048K)
 Metaspace       used 9039K, committed 9216K, reserved 1064960K
  class space    used 1037K, committed 1088K, reserved 1048576K
}
Event: 0.524 GC heap before
{Heap before GC invocations=9 (full 0):
 garbage-first heap   total 28672K, used 14041K [0x0000000704400000, 0x0000000800000000)
  region size 2048K, 5 young (10240K), 1 survivors (2048K)
 Metaspace       used 9067K, committed 9216K, reserved 1064960K
  class space    used 1037K, committed 1088K, reserved 1048576K
}
Event: 0.528 GC heap after
{Heap after GC invocations=10 (full 0):
 garbage-first heap   total 28672K, used 7042K [0x0000000704400000, 0x0000000800000000)
  region size 2048K, 1 young (2048K), 1 survivors (2048K)
 Metaspace       used 9067K, committed 9216K, reserved 1064960K
  class space    used 1037K, committed 1088K, reserved 1048576K
}
Event: 0.585 GC heap before
{Heap before GC invocations=10 (full 0):
 garbage-first heap   total 28672K, used 15234K [0x0000000704400000, 0x0000000800000000)
  region size 2048K, 5 young (10240K), 1 survivors (2048K)
 Metaspace       used 9259K, committed 9472K, reserved 1064960K
  class space    used 1055K, committed 1152K, reserved 1048576K
}
Event: 0.590 GC heap after
{Heap after GC invocations=11 (full 0):
 garbage-first heap   total 28672K, used 9090K [0x0000000704400000, 0x0000000800000000)
  region size 2048K, 1 young (2048K), 1 survivors (2048K)
 Metaspace       used 9259K, committed 9472K, reserved 1064960K
  class space    used 1055K, committed 1152K, reserved 1048576K
}
Event: 0.646 GC heap before
{Heap before GC invocations=11 (full 0):
 garbage-first heap   total 28672K, used 13186K [0x0000000704400000, 0x0000000800000000)
  region size 2048K, 4 young (8192K), 1 survivors (2048K)
 Metaspace       used 9728K, committed 9920K, reserved 1064960K
  class space    used 1124K, committed 1216K, reserved 1048576K
}
Event: 0.651 GC heap after
{Heap after GC invocations=12 (full 0):
 garbage-first heap   total 28672K, used 10704K [0x0000000704400000, 0x0000000800000000)
  region size 2048K, 1 young (2048K), 1 survivors (2048K)
 Metaspace       used 9728K, committed 9920K, reserved 1064960K
  class space    used 1124K, committed 1216K, reserved 1048576K
}
Event: 0.758 GC heap before
{Heap before GC invocations=12 (full 0):
 garbage-first heap   total 28672K, used 16848K [0x0000000704400000, 0x0000000800000000)
  region size 2048K, 4 young (8192K), 1 survivors (2048K)
 Metaspace       used 10166K, committed 10432K, reserved 1064960K
  class space    used 1148K, committed 1280K, reserved 1048576K
}

